[INFO] [1735594894.894346012] [rviz2]: Stereo is NOT SUPPORTED
[INFO] [1735594894.894461301] [rviz2]: OpenGl version: 3.1 (GLSL 1.4)
[INFO] [1735594894.913863834] [rviz2]: Stereo is NOT SUPPORTED
[INFO] [1735594895.255449668] [rviz2]: Trying to create a map of size 1572 x 984 using 1 swatches
[ERROR] [1735594895.284717809] [rviz2]: Vertex Program:rviz/glsl120/indexed_8bit_image.vert Fragment Program:rviz/glsl120/indexed_8bit_image.frag GLSL link result : 
active samplers with a different type refer to the same texture image unit
[INFO] [1735594895.566762735] [rviz]: Message Filter dropping message: frame 'lidar_1_link' at time 3457.757 for reason 'discarding message because the queue is full'
[INFO] [1735594895.597990953] [rviz]: Message Filter dropping message: frame 'lidar_1_link' at time 3457.777 for reason 'discarding message because the queue is full'
[INFO] [1735594895.609782810] [rviz2]: Trying to create a map of size 60 x 60 using 1 swatches
[INFO] [1735594895.630586653] [rviz]: Message Filter dropping message: frame 'lidar_1_link' at time 3457.817 for reason 'discarding message because the queue is full'
[INFO] [1735594895.662441107] [rviz]: Message Filter dropping message: frame 'lidar_1_link' at time 3457.847 for reason 'discarding message because the queue is full'
[INFO] [1735594895.694714614] [rviz]: Message Filter dropping message: frame 'lidar_1_link' at time 3457.877 for reason 'discarding message because the queue is full'
[INFO] [1735594895.726299673] [rviz]: Message Filter dropping message: frame 'lidar_1_link' at time 3457.917 for reason 'discarding message because the queue is full'
[INFO] [1735594895.758547407] [rviz]: Message Filter dropping message: frame 'lidar_1_link' at time 3457.947 for reason 'discarding message because the queue is full'
[INFO] [1735594895.790030744] [rviz]: Message Filter dropping message: frame 'lidar_1_link' at time 3457.977 for reason 'discarding message because the queue is full'
[INFO] [1735594895.822576335] [rviz]: Message Filter dropping message: frame 'lidar_1_link' at time 3458.007 for reason 'discarding message because the queue is full'
[INFO] [1735594895.854868631] [rviz]: Message Filter dropping message: frame 'lidar_1_link' at time 3458.037 for reason 'discarding message because the queue is full'
[INFO] [1735594895.886178162] [rviz]: Message Filter dropping message: frame 'lidar_1_link' at time 3458.067 for reason 'discarding message because the queue is full'
[INFO] [1735594895.918336808] [rviz]: Message Filter dropping message: frame 'lidar_1_link' at time 3458.097 for reason 'discarding message because the queue is full'
[INFO] [1735594895.930472962] [rviz2]: Trying to create a map of size 1572 x 984 using 1 swatches
[INFO] [1735594895.950087657] [rviz]: Message Filter dropping message: frame 'lidar_1_link' at time 3458.137 for reason 'discarding message because the queue is full'
[INFO] [1735594895.982011053] [rviz]: Message Filter dropping message: frame 'lidar_1_link' at time 3458.167 for reason 'discarding message because the queue is full'
[INFO] [1735594896.014510281] [rviz]: Message Filter dropping message: frame 'lidar_1_link' at time 3458.197 for reason 'discarding message because the queue is full'
[ERROR] [1735594896.029253152] [rviz2]: Error prior to using GLSL Program Object : GL_INVALID_VALUE
active samplers with a different type refer to the same texture image unit
[INFO] [1735594896.046063174] [rviz]: Message Filter dropping message: frame 'lidar_1_link' at time 3458.217 for reason 'discarding message because the queue is full'
[ERROR] [1735594896.054609838] [rviz2]: Error prior to using GLSL Program Object : GL_INVALID_VALUE
active samplers with a different type refer to the same texture image unit
[INFO] [1735594896.078874656] [rviz]: Message Filter dropping message: frame 'lidar_1_link' at time 3458.257 for reason 'discarding message because the queue is full'
[ERROR] [1735594896.087348478] [rviz2]: Error prior to using GLSL Program Object : GL_INVALID_VALUE
active samplers with a different type refer to the same texture image unit
[INFO] [1735594904.164094086] [rviz]: Message Filter dropping message: frame 'odom' at time 3457.697 for reason 'the timestamp on the message is earlier than all the data in the transform cache'
[INFO] [1735594904.366507729] [rviz]: Message Filter dropping message: frame 'odom' at time 3457.897 for reason 'the timestamp on the message is earlier than all the data in the transform cache'
[INFO] [1735594904.580945274] [rviz]: Message Filter dropping message: frame 'odom' at time 3458.107 for reason 'the timestamp on the message is earlier than all the data in the transform cache'
[INFO] [1735594904.796053961] [rviz]: Message Filter dropping message: frame 'odom' at time 3458.317 for reason 'the timestamp on the message is earlier than all the data in the transform cache'
[INFO] [1735594904.900193253] [rviz]: Message Filter dropping message: frame 'odom' at time 3458.417 for reason 'the timestamp on the message is earlier than all the data in the transform cache'
[INFO] [1735594905.766020256] [rviz]: Message Filter dropping message: frame 'lidar_1_link' at time 3458.287 for reason 'the timestamp on the message is earlier than all the data in the transform cache'
[INFO] [1735594905.807193595] [rviz]: Message Filter dropping message: frame 'lidar_1_link' at time 3458.327 for reason 'the timestamp on the message is earlier than all the data in the transform cache'
[INFO] [1735594905.836307246] [rviz]: Message Filter dropping message: frame 'lidar_1_link' at time 3458.357 for reason 'the timestamp on the message is earlier than all the data in the transform cache'
[INFO] [1735594905.867524454] [rviz]: Message Filter dropping message: frame 'lidar_1_link' at time 3458.387 for reason 'the timestamp on the message is earlier than all the data in the transform cache'
[INFO] [1735594905.895022071] [rviz]: Message Filter dropping message: frame 'lidar_1_link' at time 3458.417 for reason 'the timestamp on the message is earlier than all the data in the transform cache'
[INFO] [1735594905.924405494] [rviz]: Message Filter dropping message: frame 'lidar_1_link' at time 3458.447 for reason 'the timestamp on the message is earlier than all the data in the transform cache'
[INFO] [1735594905.954219845] [rviz]: Message Filter dropping message: frame 'lidar_1_link' at time 3458.477 for reason 'the timestamp on the message is earlier than all the data in the transform cache'
[INFO] [1735594905.993126095] [rviz]: Message Filter dropping message: frame 'lidar_1_link' at time 3458.517 for reason 'the timestamp on the message is earlier than all the data in the transform cache'
[INFO] [1735594906.022391783] [rviz]: Message Filter dropping message: frame 'lidar_1_link' at time 3458.547 for reason 'the timestamp on the message is earlier than all the data in the transform cache'
[INFO] [1735594922.382826065] [rviz]: Message Filter dropping message: frame 'odom' at time 2456.737 for reason 'the timestamp on the message is earlier than all the data in the transform cache'
[INFO] [1735594922.574139175] [rviz]: Message Filter dropping message: frame 'odom' at time 2456.837 for reason 'the timestamp on the message is earlier than all the data in the transform cache'
[INFO] [1735594922.798277329] [rviz]: Message Filter dropping message: frame 'odom' at time 2456.837 for reason 'the timestamp on the message is earlier than all the data in the transform cache'
[INFO] [1735594922.830801627] [rviz]: Message Filter dropping message: frame 'lidar_1_link' at time 2456.887 for reason 'the timestamp on the message is earlier than all the data in the transform cache'
[INFO] [1735594922.990886635] [rviz]: Message Filter dropping message: frame 'odom' at time 2456.837 for reason 'the timestamp on the message is earlier than all the data in the transform cache'
[INFO] [1735594923.182432047] [rviz]: Message Filter dropping message: frame 'odom' at time 2456.837 for reason 'the timestamp on the message is earlier than all the data in the transform cache'
[INFO] [1735594923.374489240] [rviz]: Message Filter dropping message: frame 'odom' at time 2456.837 for reason 'the timestamp on the message is earlier than all the data in the transform cache'
[INFO] [1735594923.470791128] [rviz]: Message Filter dropping message: frame 'lidar_1_link' at time 2456.897 for reason 'the timestamp on the message is earlier than all the data in the transform cache'
[INFO] [1735594923.502728934] [rviz]: Message Filter dropping message: frame 'lidar_1_link' at time 2456.907 for reason 'the timestamp on the message is earlier than all the data in the transform cache'
[INFO] [1735594923.534846942] [rviz]: Message Filter dropping message: frame 'lidar_1_link' at time 2456.927 for reason 'the timestamp on the message is earlier than all the data in the transform cache'
[INFO] [1735594923.565957147] [rviz]: Message Filter dropping message: frame 'lidar_1_link' at time 2456.957 for reason 'the timestamp on the message is earlier than all the data in the transform cache'
[INFO] [1735594923.598488886] [rviz]: Message Filter dropping message: frame 'lidar_1_link' at time 2456.987 for reason 'the timestamp on the message is earlier than all the data in the transform cache'
[INFO] [1735594923.598615446] [rviz]: Message Filter dropping message: frame 'odom' at time 2456.997 for reason 'the timestamp on the message is earlier than all the data in the transform cache'
[INFO] [1735594923.630704314] [rviz]: Message Filter dropping message: frame 'lidar_1_link' at time 2457.017 for reason 'the timestamp on the message is earlier than all the data in the transform cache'
[INFO] [1735594923.662362051] [rviz]: Message Filter dropping message: frame 'lidar_1_link' at time 2457.057 for reason 'the timestamp on the message is earlier than all the data in the transform cache'
[INFO] [1735594923.694862138] [rviz]: Message Filter dropping message: frame 'lidar_1_link' at time 2457.087 for reason 'the timestamp on the message is earlier than all the data in the transform cache'
[INFO] [1735594923.726186336] [rviz]: Message Filter dropping message: frame 'lidar_1_link' at time 2457.107 for reason 'the timestamp on the message is earlier than all the data in the transform cache'
[INFO] [1735594923.758694322] [rviz]: Message Filter dropping message: frame 'lidar_1_link' at time 2457.147 for reason 'the timestamp on the message is earlier than all the data in the transform cache'
[INFO] [1735594923.790389801] [rviz]: Message Filter dropping message: frame 'lidar_1_link' at time 2457.177 for reason 'the timestamp on the message is earlier than all the data in the transform cache'
[INFO] [1735594923.790539643] [rviz]: Message Filter dropping message: frame 'odom' at time 2457.207 for reason 'the timestamp on the message is earlier than all the data in the transform cache'
[INFO] [1735594923.822679858] [rviz]: Message Filter dropping message: frame 'lidar_1_link' at time 2457.217 for reason 'the timestamp on the message is earlier than all the data in the transform cache'
[INFO] [1735594923.854771640] [rviz]: Message Filter dropping message: frame 'lidar_1_link' at time 2457.247 for reason 'the timestamp on the message is earlier than all the data in the transform cache'
[INFO] [1735594923.886018899] [rviz]: Message Filter dropping message: frame 'lidar_1_link' at time 2457.277 for reason 'the timestamp on the message is earlier than all the data in the transform cache'
[INFO] [1735594923.918244981] [rviz]: Message Filter dropping message: frame 'lidar_1_link' at time 2457.307 for reason 'the timestamp on the message is earlier than all the data in the transform cache'
[INFO] [1735594923.950080656] [rviz]: Message Filter dropping message: frame 'lidar_1_link' at time 2457.337 for reason 'the timestamp on the message is earlier than all the data in the transform cache'
[INFO] [1735594923.982679144] [rviz]: Message Filter dropping message: frame 'lidar_1_link' at time 2457.367 for reason 'the timestamp on the message is earlier than all the data in the transform cache'
[INFO] [1735594923.982810642] [rviz]: Message Filter dropping message: frame 'odom' at time 2457.307 for reason 'the timestamp on the message is earlier than all the data in the transform cache'
[INFO] [1735594924.014429660] [rviz]: Message Filter dropping message: frame 'lidar_1_link' at time 2457.397 for reason 'the timestamp on the message is earlier than all the data in the transform cache'
[INFO] [1735594924.046330001] [rviz]: Message Filter dropping message: frame 'lidar_1_link' at time 2457.427 for reason 'the timestamp on the message is earlier than all the data in the transform cache'
[INFO] [1735594924.078144498] [rviz]: Message Filter dropping message: frame 'lidar_1_link' at time 2457.457 for reason 'the timestamp on the message is earlier than all the data in the transform cache'
[INFO] [1735594924.110768994] [rviz]: Message Filter dropping message: frame 'lidar_1_link' at time 2457.487 for reason 'the timestamp on the message is earlier than all the data in the transform cache'
[INFO] [1735594924.142038555] [rviz]: Message Filter dropping message: frame 'lidar_1_link' at time 2457.517 for reason 'the timestamp on the message is earlier than all the data in the transform cache'
[INFO] [1735594924.174814548] [rviz]: Message Filter dropping message: frame 'lidar_1_link' at time 2457.547 for reason 'the timestamp on the message is earlier than all the data in the transform cache'
[INFO] [1735594924.174924254] [rviz]: Message Filter dropping message: frame 'odom' at time 2457.507 for reason 'the timestamp on the message is earlier than all the data in the transform cache'
[INFO] [1735594924.205965995] [rviz]: Message Filter dropping message: frame 'lidar_1_link' at time 2457.587 for reason 'the timestamp on the message is earlier than all the data in the transform cache'
[INFO] [1735594924.238194635] [rviz]: Message Filter dropping message: frame 'lidar_1_link' at time 2457.617 for reason 'the timestamp on the message is earlier than all the data in the transform cache'
[INFO] [1735594924.270014580] [rviz]: Message Filter dropping message: frame 'lidar_1_link' at time 2457.647 for reason 'the timestamp on the message is earlier than all the data in the transform cache'
[INFO] [1735594924.302218173] [rviz]: Message Filter dropping message: frame 'lidar_1_link' at time 2457.687 for reason 'the timestamp on the message is earlier than all the data in the transform cache'
[INFO] [1735594924.334081861] [rviz]: Message Filter dropping message: frame 'lidar_1_link' at time 2457.717 for reason 'the timestamp on the message is earlier than all the data in the transform cache'
[INFO] [1735594924.366648020] [rviz]: Message Filter dropping message: frame 'lidar_1_link' at time 2457.747 for reason 'the timestamp on the message is earlier than all the data in the transform cache'
[INFO] [1735594924.398617949] [rviz]: Message Filter dropping message: frame 'lidar_1_link' at time 2457.777 for reason 'the timestamp on the message is earlier than all the data in the transform cache'
[INFO] [1735594924.398700353] [rviz]: Message Filter dropping message: frame 'odom' at time 2457.717 for reason 'the timestamp on the message is earlier than all the data in the transform cache'
[INFO] [1735594924.430732722] [rviz]: Message Filter dropping message: frame 'lidar_1_link' at time 2457.807 for reason 'the timestamp on the message is earlier than all the data in the transform cache'
[INFO] [1735594924.462825995] [rviz]: Message Filter dropping message: frame 'lidar_1_link' at time 2457.837 for reason 'the timestamp on the message is earlier than all the data in the transform cache'
[INFO] [1735594924.494810659] [rviz]: Message Filter dropping message: frame 'lidar_1_link' at time 2457.877 for reason 'the timestamp on the message is earlier than all the data in the transform cache'
[INFO] [1735594924.525951002] [rviz]: Message Filter dropping message: frame 'lidar_1_link' at time 2457.907 for reason 'the timestamp on the message is earlier than all the data in the transform cache'
[INFO] [1735594924.558427174] [rviz]: Message Filter dropping message: frame 'lidar_1_link' at time 2457.937 for reason 'the timestamp on the message is earlier than all the data in the transform cache'
[INFO] [1735594924.590436401] [rviz]: Message Filter dropping message: frame 'lidar_1_link' at time 2457.967 for reason 'the timestamp on the message is earlier than all the data in the transform cache'
[INFO] [1735594924.590653287] [rviz]: Message Filter dropping message: frame 'odom' at time 2457.927 for reason 'the timestamp on the message is earlier than all the data in the transform cache'
[INFO] [1735594924.622828999] [rviz]: Message Filter dropping message: frame 'lidar_1_link' at time 2458.007 for reason 'the timestamp on the message is earlier than all the data in the transform cache'
[INFO] [1735594924.653952755] [rviz]: Message Filter dropping message: frame 'lidar_1_link' at time 2458.037 for reason 'the timestamp on the message is earlier than all the data in the transform cache'
[INFO] [1735594924.686079894] [rviz]: Message Filter dropping message: frame 'lidar_1_link' at time 2458.067 for reason 'the timestamp on the message is earlier than all the data in the transform cache'
[INFO] [1735594924.718411141] [rviz]: Message Filter dropping message: frame 'lidar_1_link' at time 2458.097 for reason 'the timestamp on the message is earlier than all the data in the transform cache'
[INFO] [1735594924.750694510] [rviz]: Message Filter dropping message: frame 'lidar_1_link' at time 2458.127 for reason 'the timestamp on the message is earlier than all the data in the transform cache'
[INFO] [1735594924.782618279] [rviz]: Message Filter dropping message: frame 'lidar_1_link' at time 2458.157 for reason 'the timestamp on the message is earlier than all the data in the transform cache'
[INFO] [1735594924.782714786] [rviz]: Message Filter dropping message: frame 'odom' at time 2458.137 for reason 'the timestamp on the message is earlier than all the data in the transform cache'
[INFO] [1735594924.813996569] [rviz]: Message Filter dropping message: frame 'lidar_1_link' at time 2458.197 for reason 'the timestamp on the message is earlier than all the data in the transform cache'
[INFO] [1735594924.846135615] [rviz]: Message Filter dropping message: frame 'lidar_1_link' at time 2458.227 for reason 'the timestamp on the message is earlier than all the data in the transform cache'
[INFO] [1735594924.878468976] [rviz]: Message Filter dropping message: frame 'lidar_1_link' at time 2458.257 for reason 'the timestamp on the message is earlier than all the data in the transform cache'
[INFO] [1735594924.910415380] [rviz]: Message Filter dropping message: frame 'lidar_1_link' at time 2458.297 for reason 'the timestamp on the message is earlier than all the data in the transform cache'
[INFO] [1735594924.942301714] [rviz]: Message Filter dropping message: frame 'lidar_1_link' at time 2458.327 for reason 'the timestamp on the message is earlier than all the data in the transform cache'
[INFO] [1735594924.974307955] [rviz]: Message Filter dropping message: frame 'lidar_1_link' at time 2458.357 for reason 'the timestamp on the message is earlier than all the data in the transform cache'
[INFO] [1735594924.974390753] [rviz]: Message Filter dropping message: frame 'odom' at time 2458.357 for reason 'the timestamp on the message is earlier than all the data in the transform cache'
[INFO] [1735594925.006910115] [rviz]: Message Filter dropping message: frame 'lidar_1_link' at time 2458.387 for reason 'the timestamp on the message is earlier than all the data in the transform cache'
[INFO] [1735594925.038678863] [rviz]: Message Filter dropping message: frame 'lidar_1_link' at time 2458.417 for reason 'the timestamp on the message is earlier than all the data in the transform cache'
[INFO] [1735594925.070073484] [rviz]: Message Filter dropping message: frame 'lidar_1_link' at time 2458.457 for reason 'the timestamp on the message is earlier than all the data in the transform cache'
[INFO] [1735594925.102296426] [rviz]: Message Filter dropping message: frame 'lidar_1_link' at time 2458.487 for reason 'the timestamp on the message is earlier than all the data in the transform cache'
[INFO] [1735594925.134775001] [rviz]: Message Filter dropping message: frame 'lidar_1_link' at time 2458.517 for reason 'the timestamp on the message is earlier than all the data in the transform cache'
[INFO] [1735594925.166209017] [rviz]: Message Filter dropping message: frame 'lidar_1_link' at time 2458.547 for reason 'the timestamp on the message is earlier than all the data in the transform cache'
[INFO] [1735594925.198664737] [rviz]: Message Filter dropping message: frame 'lidar_1_link' at time 2458.577 for reason 'the timestamp on the message is earlier than all the data in the transform cache'
[INFO] [1735594925.198796732] [rviz]: Message Filter dropping message: frame 'odom' at time 2458.577 for reason 'the timestamp on the message is earlier than all the data in the transform cache'
[INFO] [1735594925.230601834] [rviz]: Message Filter dropping message: frame 'lidar_1_link' at time 2458.617 for reason 'the timestamp on the message is earlier than all the data in the transform cache'
[INFO] [1735594925.262089202] [rviz]: Message Filter dropping message: frame 'lidar_1_link' at time 2458.647 for reason 'the timestamp on the message is earlier than all the data in the transform cache'
[INFO] [1735594925.294107884] [rviz]: Message Filter dropping message: frame 'lidar_1_link' at time 2458.677 for reason 'the timestamp on the message is earlier than all the data in the transform cache'
[INFO] [1735594925.326805106] [rviz]: Message Filter dropping message: frame 'lidar_1_link' at time 2458.707 for reason 'the timestamp on the message is earlier than all the data in the transform cache'
[INFO] [1735594925.358389281] [rviz]: Message Filter dropping message: frame 'lidar_1_link' at time 2458.737 for reason 'the timestamp on the message is earlier than all the data in the transform cache'
[INFO] [1735594925.390740130] [rviz]: Message Filter dropping message: frame 'lidar_1_link' at time 2458.767 for reason 'the timestamp on the message is earlier than all the data in the transform cache'
[INFO] [1735594925.390848346] [rviz]: Message Filter dropping message: frame 'odom' at time 2458.787 for reason 'the timestamp on the message is earlier than all the data in the transform cache'
[INFO] [1735594925.422364086] [rviz]: Message Filter dropping message: frame 'lidar_1_link' at time 2458.807 for reason 'the timestamp on the message is earlier than all the data in the transform cache'
[INFO] [1735594925.454807725] [rviz]: Message Filter dropping message: frame 'lidar_1_link' at time 2458.837 for reason 'the timestamp on the message is earlier than all the data in the transform cache'
[INFO] [1735594925.486118768] [rviz]: Message Filter dropping message: frame 'lidar_1_link' at time 2458.867 for reason 'the timestamp on the message is earlier than all the data in the transform cache'
[INFO] [1735594925.518730274] [rviz]: Message Filter dropping message: frame 'lidar_1_link' at time 2458.897 for reason 'the timestamp on the message is earlier than all the data in the transform cache'
[INFO] [1735594925.550778447] [rviz]: Message Filter dropping message: frame 'lidar_1_link' at time 2458.927 for reason 'the timestamp on the message is earlier than all the data in the transform cache'
[INFO] [1735594925.582681270] [rviz]: Message Filter dropping message: frame 'lidar_1_link' at time 2458.967 for reason 'the timestamp on the message is earlier than all the data in the transform cache'
[INFO] [1735594925.582770087] [rviz]: Message Filter dropping message: frame 'odom' at time 2458.897 for reason 'the timestamp on the message is earlier than all the data in the transform cache'
[INFO] [1735594925.614828495] [rviz]: Message Filter dropping message: frame 'lidar_1_link' at time 2458.997 for reason 'the timestamp on the message is earlier than all the data in the transform cache'
[INFO] [1735594925.646341682] [rviz]: Message Filter dropping message: frame 'lidar_1_link' at time 2459.027 for reason 'the timestamp on the message is earlier than all the data in the transform cache'
[INFO] [1735594925.678808089] [rviz]: Message Filter dropping message: frame 'lidar_1_link' at time 2459.057 for reason 'the timestamp on the message is earlier than all the data in the transform cache'
[INFO] [1735594925.710729060] [rviz]: Message Filter dropping message: frame 'lidar_1_link' at time 2459.087 for reason 'the timestamp on the message is earlier than all the data in the transform cache'
[INFO] [1735594925.742184993] [rviz]: Message Filter dropping message: frame 'lidar_1_link' at time 2459.127 for reason 'the timestamp on the message is earlier than all the data in the transform cache'
[INFO] [1735594925.774210678] [rviz]: Message Filter dropping message: frame 'lidar_1_link' at time 2459.157 for reason 'the timestamp on the message is earlier than all the data in the transform cache'
[INFO] [1735594925.774353135] [rviz]: Message Filter dropping message: frame 'odom' at time 2459.117 for reason 'the timestamp on the message is earlier than all the data in the transform cache'
[INFO] [1735594925.806047030] [rviz]: Message Filter dropping message: frame 'lidar_1_link' at time 2459.187 for reason 'the timestamp on the message is earlier than all the data in the transform cache'
[INFO] [1735594925.838589968] [rviz]: Message Filter dropping message: frame 'lidar_1_link' at time 2459.217 for reason 'the timestamp on the message is earlier than all the data in the transform cache'
[INFO] [1735594925.870552013] [rviz]: Message Filter dropping message: frame 'lidar_1_link' at time 2459.247 for reason 'the timestamp on the message is earlier than all the data in the transform cache'
[INFO] [1735594925.902745757] [rviz]: Message Filter dropping message: frame 'lidar_1_link' at time 2459.287 for reason 'the timestamp on the message is earlier than all the data in the transform cache'
[INFO] [1735594925.934247213] [rviz]: Message Filter dropping message: frame 'lidar_1_link' at time 2459.317 for reason 'the timestamp on the message is earlier than all the data in the transform cache'
[INFO] [1735594925.966705593] [rviz]: Message Filter dropping message: frame 'lidar_1_link' at time 2459.347 for reason 'the timestamp on the message is earlier than all the data in the transform cache'
[INFO] [1735594925.998245208] [rviz]: Message Filter dropping message: frame 'lidar_1_link' at time 2459.377 for reason 'the timestamp on the message is earlier than all the data in the transform cache'
[INFO] [1735594925.998334408] [rviz]: Message Filter dropping message: frame 'odom' at time 2459.327 for reason 'the timestamp on the message is earlier than all the data in the transform cache'
[INFO] [1735594926.030213238] [rviz]: Message Filter dropping message: frame 'lidar_1_link' at time 2459.407 for reason 'the timestamp on the message is earlier than all the data in the transform cache'
[INFO] [1735594926.061973711] [rviz]: Message Filter dropping message: frame 'lidar_1_link' at time 2459.427 for reason 'the timestamp on the message is earlier than all the data in the transform cache'
[INFO] [1735594926.094008820] [rviz]: Message Filter dropping message: frame 'lidar_1_link' at time 2459.477 for reason 'the timestamp on the message is earlier than all the data in the transform cache'
[INFO] [1735594926.126812457] [rviz]: Message Filter dropping message: frame 'lidar_1_link' at time 2459.507 for reason 'the timestamp on the message is earlier than all the data in the transform cache'
[INFO] [1735594926.158632765] [rviz]: Message Filter dropping message: frame 'lidar_1_link' at time 2459.537 for reason 'the timestamp on the message is earlier than all the data in the transform cache'
[INFO] [1735594926.190474616] [rviz]: Message Filter dropping message: frame 'lidar_1_link' at time 2459.567 for reason 'the timestamp on the message is earlier than all the data in the transform cache'
[INFO] [1735594926.190563115] [rviz]: Message Filter dropping message: frame 'odom' at time 2459.537 for reason 'the timestamp on the message is earlier than all the data in the transform cache'
[INFO] [1735594926.222750340] [rviz]: Message Filter dropping message: frame 'lidar_1_link' at time 2459.597 for reason 'the timestamp on the message is earlier than all the data in the transform cache'
[INFO] [1735594926.254811312] [rviz]: Message Filter dropping message: frame 'lidar_1_link' at time 2459.627 for reason 'the timestamp on the message is earlier than all the data in the transform cache'
[INFO] [1735594926.285991998] [rviz]: Message Filter dropping message: frame 'lidar_1_link' at time 2459.657 for reason 'the timestamp on the message is earlier than all the data in the transform cache'
[INFO] [1735594926.317910466] [rviz]: Message Filter dropping message: frame 'lidar_1_link' at time 2459.697 for reason 'the timestamp on the message is earlier than all the data in the transform cache'
[INFO] [1735594926.350827059] [rviz]: Message Filter dropping message: frame 'lidar_1_link' at time 2459.727 for reason 'the timestamp on the message is earlier than all the data in the transform cache'
[INFO] [1735594926.382695717] [rviz]: Message Filter dropping message: frame 'lidar_1_link' at time 2459.757 for reason 'the timestamp on the message is earlier than all the data in the transform cache'
[INFO] [1735594926.382809709] [rviz]: Message Filter dropping message: frame 'odom' at time 2459.737 for reason 'the timestamp on the message is earlier than all the data in the transform cache'
[INFO] [1735594926.414607925] [rviz]: Message Filter dropping message: frame 'lidar_1_link' at time 2459.787 for reason 'the timestamp on the message is earlier than all the data in the transform cache'
[INFO] [1735594926.446599758] [rviz]: Message Filter dropping message: frame 'lidar_1_link' at time 2459.817 for reason 'the timestamp on the message is earlier than all the data in the transform cache'
[INFO] [1735594926.478202913] [rviz]: Message Filter dropping message: frame 'lidar_1_link' at time 2459.847 for reason 'the timestamp on the message is earlier than all the data in the transform cache'
[INFO] [1735594926.510393743] [rviz]: Message Filter dropping message: frame 'lidar_1_link' at time 2459.887 for reason 'the timestamp on the message is earlier than all the data in the transform cache'
[INFO] [1735594926.542031947] [rviz]: Message Filter dropping message: frame 'lidar_1_link' at time 2459.917 for reason 'the timestamp on the message is earlier than all the data in the transform cache'
[INFO] [1735594926.574792126] [rviz]: Message Filter dropping message: frame 'lidar_1_link' at time 2459.947 for reason 'the timestamp on the message is earlier than all the data in the transform cache'
[INFO] [1735594926.574888824] [rviz]: Message Filter dropping message: frame 'odom' at time 2459.937 for reason 'the timestamp on the message is earlier than all the data in the transform cache'
[INFO] [1735594926.606464454] [rviz]: Message Filter dropping message: frame 'lidar_1_link' at time 2459.977 for reason 'the timestamp on the message is earlier than all the data in the transform cache'
[INFO] [1735594926.638577907] [rviz]: Message Filter dropping message: frame 'lidar_1_link' at time 2460.007 for reason 'the timestamp on the message is earlier than all the data in the transform cache'
[INFO] [1735594926.670607052] [rviz]: Message Filter dropping message: frame 'lidar_1_link' at time 2460.047 for reason 'the timestamp on the message is earlier than all the data in the transform cache'
[INFO] [1735594926.702584908] [rviz]: Message Filter dropping message: frame 'lidar_1_link' at time 2460.077 for reason 'the timestamp on the message is earlier than all the data in the transform cache'
[INFO] [1735594926.734965629] [rviz]: Message Filter dropping message: frame 'lidar_1_link' at time 2460.107 for reason 'the timestamp on the message is earlier than all the data in the transform cache'
[INFO] [1735594926.766980994] [rviz]: Message Filter dropping message: frame 'lidar_1_link' at time 2460.137 for reason 'the timestamp on the message is earlier than all the data in the transform cache'
[INFO] [1735594926.798254143] [rviz]: Message Filter dropping message: frame 'lidar_1_link' at time 2460.167 for reason 'the timestamp on the message is earlier than all the data in the transform cache'
[INFO] [1735594926.798364674] [rviz]: Message Filter dropping message: frame 'odom' at time 2460.147 for reason 'the timestamp on the message is earlier than all the data in the transform cache'
[INFO] [1735594926.830895780] [rviz]: Message Filter dropping message: frame 'lidar_1_link' at time 2460.207 for reason 'the timestamp on the message is earlier than all the data in the transform cache'
[INFO] [1735594926.862166047] [rviz]: Message Filter dropping message: frame 'lidar_1_link' at time 2460.227 for reason 'the timestamp on the message is earlier than all the data in the transform cache'
[INFO] [1735594926.894492227] [rviz]: Message Filter dropping message: frame 'lidar_1_link' at time 2460.267 for reason 'the timestamp on the message is earlier than all the data in the transform cache'
[INFO] [1735594926.926359105] [rviz]: Message Filter dropping message: frame 'lidar_1_link' at time 2460.297 for reason 'the timestamp on the message is earlier than all the data in the transform cache'
[INFO] [1735594926.958870109] [rviz]: Message Filter dropping message: frame 'lidar_1_link' at time 2460.337 for reason 'the timestamp on the message is earlier than all the data in the transform cache'
[INFO] [1735594926.990037199] [rviz]: Message Filter dropping message: frame 'lidar_1_link' at time 2460.367 for reason 'the timestamp on the message is earlier than all the data in the transform cache'
[INFO] [1735594926.990163690] [rviz]: Message Filter dropping message: frame 'odom' at time 2460.357 for reason 'the timestamp on the message is earlier than all the data in the transform cache'
[INFO] [1735594927.022202042] [rviz]: Message Filter dropping message: frame 'lidar_1_link' at time 2460.397 for reason 'the timestamp on the message is earlier than all the data in the transform cache'
[INFO] [1735594927.054855714] [rviz]: Message Filter dropping message: frame 'lidar_1_link' at time 2460.427 for reason 'the timestamp on the message is earlier than all the data in the transform cache'
[INFO] [1735594927.086530662] [rviz]: Message Filter dropping message: frame 'lidar_1_link' at time 2460.457 for reason 'the timestamp on the message is earlier than all the data in the transform cache'
[INFO] [1735594927.118133569] [rviz]: Message Filter dropping message: frame 'lidar_1_link' at time 2460.497 for reason 'the timestamp on the message is earlier than all the data in the transform cache'
[INFO] [1735594927.150792222] [rviz]: Message Filter dropping message: frame 'lidar_1_link' at time 2460.527 for reason 'the timestamp on the message is earlier than all the data in the transform cache'
[INFO] [1735594927.182171036] [rviz]: Message Filter dropping message: frame 'lidar_1_link' at time 2460.557 for reason 'the timestamp on the message is earlier than all the data in the transform cache'
[INFO] [1735594927.182280403] [rviz]: Message Filter dropping message: frame 'odom' at time 2460.567 for reason 'the timestamp on the message is earlier than all the data in the transform cache'
[INFO] [1735594927.214372391] [rviz]: Message Filter dropping message: frame 'lidar_1_link' at time 2460.587 for reason 'the timestamp on the message is earlier than all the data in the transform cache'
[INFO] [1735594927.246480775] [rviz]: Message Filter dropping message: frame 'lidar_1_link' at time 2460.617 for reason 'the timestamp on the message is earlier than all the data in the transform cache'
[INFO] [1735594927.278495034] [rviz]: Message Filter dropping message: frame 'lidar_1_link' at time 2460.657 for reason 'the timestamp on the message is earlier than all the data in the transform cache'
[INFO] [1735594927.309972637] [rviz]: Message Filter dropping message: frame 'lidar_1_link' at time 2460.687 for reason 'the timestamp on the message is earlier than all the data in the transform cache'
[INFO] [1735594927.342174401] [rviz]: Message Filter dropping message: frame 'lidar_1_link' at time 2460.717 for reason 'the timestamp on the message is earlier than all the data in the transform cache'
[INFO] [1735594927.374305774] [rviz]: Message Filter dropping message: frame 'lidar_1_link' at time 2460.747 for reason 'the timestamp on the message is earlier than all the data in the transform cache'
[INFO] [1735594927.374428408] [rviz]: Message Filter dropping message: frame 'odom' at time 2460.777 for reason 'the timestamp on the message is earlier than all the data in the transform cache'
[INFO] [1735594927.405980794] [rviz]: Message Filter dropping message: frame 'lidar_1_link' at time 2460.777 for reason 'the timestamp on the message is earlier than all the data in the transform cache'
[INFO] [1735594927.438614049] [rviz]: Message Filter dropping message: frame 'lidar_1_link' at time 2460.807 for reason 'the timestamp on the message is earlier than all the data in the transform cache'
[INFO] [1735594927.470402380] [rviz]: Message Filter dropping message: frame 'lidar_1_link' at time 2460.847 for reason 'the timestamp on the message is earlier than all the data in the transform cache'
[INFO] [1735594927.502426614] [rviz]: Message Filter dropping message: frame 'lidar_1_link' at time 2460.877 for reason 'the timestamp on the message is earlier than all the data in the transform cache'
[INFO] [1735594927.535393897] [rviz]: Message Filter dropping message: frame 'lidar_1_link' at time 2460.907 for reason 'the timestamp on the message is earlier than all the data in the transform cache'
[INFO] [1735594927.566152275] [rviz]: Message Filter dropping message: frame 'lidar_1_link' at time 2460.937 for reason 'the timestamp on the message is earlier than all the data in the transform cache'
[INFO] [1735594927.597981169] [rviz]: Message Filter dropping message: frame 'lidar_1_link' at time 2460.977 for reason 'the timestamp on the message is earlier than all the data in the transform cache'
[INFO] [1735594927.598098661] [rviz]: Message Filter dropping message: frame 'odom' at time 2460.987 for reason 'the timestamp on the message is earlier than all the data in the transform cache'
[INFO] [1735594927.630381102] [rviz]: Message Filter dropping message: frame 'lidar_1_link' at time 2461.007 for reason 'the timestamp on the message is earlier than all the data in the transform cache'
[INFO] [1735594927.662046451] [rviz]: Message Filter dropping message: frame 'lidar_1_link' at time 2461.037 for reason 'the timestamp on the message is earlier than all the data in the transform cache'
[INFO] [1735594927.694199477] [rviz]: Message Filter dropping message: frame 'lidar_1_link' at time 2461.067 for reason 'the timestamp on the message is earlier than all the data in the transform cache'
[INFO] [1735594927.726563761] [rviz]: Message Filter dropping message: frame 'lidar_1_link' at time 2461.107 for reason 'the timestamp on the message is earlier than all the data in the transform cache'
[INFO] [1735594927.758252007] [rviz]: Message Filter dropping message: frame 'lidar_1_link' at time 2461.137 for reason 'the timestamp on the message is earlier than all the data in the transform cache'
[INFO] [1735594927.790073477] [rviz]: Message Filter dropping message: frame 'lidar_1_link' at time 2461.167 for reason 'the timestamp on the message is earlier than all the data in the transform cache'
[INFO] [1735594927.790159713] [rviz]: Message Filter dropping message: frame 'odom' at time 2461.097 for reason 'the timestamp on the message is earlier than all the data in the transform cache'
[INFO] [1735594927.822811942] [rviz]: Message Filter dropping message: frame 'lidar_1_link' at time 2461.197 for reason 'the timestamp on the message is earlier than all the data in the transform cache'
[INFO] [1735594927.854463291] [rviz]: Message Filter dropping message: frame 'lidar_1_link' at time 2461.237 for reason 'the timestamp on the message is earlier than all the data in the transform cache'
[INFO] [1735594927.886572470] [rviz]: Message Filter dropping message: frame 'lidar_1_link' at time 2461.267 for reason 'the timestamp on the message is earlier than all the data in the transform cache'
[INFO] [1735594927.918733359] [rviz]: Message Filter dropping message: frame 'lidar_1_link' at time 2461.297 for reason 'the timestamp on the message is earlier than all the data in the transform cache'
[INFO] [1735594927.950535922] [rviz]: Message Filter dropping message: frame 'lidar_1_link' at time 2461.327 for reason 'the timestamp on the message is earlier than all the data in the transform cache'
[INFO] [1735594927.982555135] [rviz]: Message Filter dropping message: frame 'lidar_1_link' at time 2461.357 for reason 'the timestamp on the message is earlier than all the data in the transform cache'
[INFO] [1735594927.982650558] [rviz]: Message Filter dropping message: frame 'odom' at time 2461.317 for reason 'the timestamp on the message is earlier than all the data in the transform cache'
[INFO] [1735594928.014857738] [rviz]: Message Filter dropping message: frame 'lidar_1_link' at time 2461.387 for reason 'the timestamp on the message is earlier than all the data in the transform cache'
[INFO] [1735594928.046585654] [rviz]: Message Filter dropping message: frame 'lidar_1_link' at time 2461.417 for reason 'the timestamp on the message is earlier than all the data in the transform cache'
[INFO] [1735594928.078432451] [rviz]: Message Filter dropping message: frame 'lidar_1_link' at time 2461.457 for reason 'the timestamp on the message is earlier than all the data in the transform cache'
[INFO] [1735594928.110002525] [rviz]: Message Filter dropping message: frame 'lidar_1_link' at time 2461.487 for reason 'the timestamp on the message is earlier than all the data in the transform cache'
[INFO] [1735594928.142728529] [rviz]: Message Filter dropping message: frame 'lidar_1_link' at time 2461.517 for reason 'the timestamp on the message is earlier than all the data in the transform cache'
[INFO] [1735594928.174262299] [rviz]: Message Filter dropping message: frame 'lidar_1_link' at time 2461.547 for reason 'the timestamp on the message is earlier than all the data in the transform cache'
[INFO] [1735594928.174798348] [rviz]: Message Filter dropping message: frame 'odom' at time 2461.517 for reason 'the timestamp on the message is earlier than all the data in the transform cache'
[INFO] [1735594928.205987201] [rviz]: Message Filter dropping message: frame 'lidar_1_link' at time 2461.577 for reason 'the timestamp on the message is earlier than all the data in the transform cache'
[INFO] [1735594928.237927589] [rviz]: Message Filter dropping message: frame 'lidar_1_link' at time 2461.617 for reason 'the timestamp on the message is earlier than all the data in the transform cache'
[INFO] [1735594928.270033537] [rviz]: Message Filter dropping message: frame 'lidar_1_link' at time 2461.647 for reason 'the timestamp on the message is earlier than all the data in the transform cache'
[INFO] [1735594928.302719184] [rviz]: Message Filter dropping message: frame 'lidar_1_link' at time 2461.677 for reason 'the timestamp on the message is earlier than all the data in the transform cache'
[INFO] [1735594928.334661590] [rviz]: Message Filter dropping message: frame 'lidar_1_link' at time 2461.707 for reason 'the timestamp on the message is earlier than all the data in the transform cache'
[INFO] [1735594928.366191235] [rviz]: Message Filter dropping message: frame 'lidar_1_link' at time 2461.747 for reason 'the timestamp on the message is earlier than all the data in the transform cache'
[INFO] [1735594928.398889132] [rviz]: Message Filter dropping message: frame 'lidar_1_link' at time 2461.777 for reason 'the timestamp on the message is earlier than all the data in the transform cache'
[INFO] [1735594928.398975574] [rviz]: Message Filter dropping message: frame 'odom' at time 2461.737 for reason 'the timestamp on the message is earlier than all the data in the transform cache'
[INFO] [1735594928.430586607] [rviz]: Message Filter dropping message: frame 'lidar_1_link' at time 2461.807 for reason 'the timestamp on the message is earlier than all the data in the transform cache'
[INFO] [1735594928.462308571] [rviz]: Message Filter dropping message: frame 'lidar_1_link' at time 2461.837 for reason 'the timestamp on the message is earlier than all the data in the transform cache'
[INFO] [1735594928.494521790] [rviz]: Message Filter dropping message: frame 'lidar_1_link' at time 2461.867 for reason 'the timestamp on the message is earlier than all the data in the transform cache'
[INFO] [1735594928.526592609] [rviz]: Message Filter dropping message: frame 'lidar_1_link' at time 2461.907 for reason 'the timestamp on the message is earlier than all the data in the transform cache'
[INFO] [1735594928.558843205] [rviz]: Message Filter dropping message: frame 'lidar_1_link' at time 2461.927 for reason 'the timestamp on the message is earlier than all the data in the transform cache'
[INFO] [1735594928.590550679] [rviz]: Message Filter dropping message: frame 'lidar_1_link' at time 2461.967 for reason 'the timestamp on the message is earlier than all the data in the transform cache'
[INFO] [1735594928.590658440] [rviz]: Message Filter dropping message: frame 'odom' at time 2461.947 for reason 'the timestamp on the message is earlier than all the data in the transform cache'
[INFO] [1735594928.622730328] [rviz]: Message Filter dropping message: frame 'lidar_1_link' at time 2461.997 for reason 'the timestamp on the message is earlier than all the data in the transform cache'
[INFO] [1735594928.654483460] [rviz]: Message Filter dropping message: frame 'lidar_1_link' at time 2462.027 for reason 'the timestamp on the message is earlier than all the data in the transform cache'
[INFO] [1735594928.686816658] [rviz]: Message Filter dropping message: frame 'lidar_1_link' at time 2462.057 for reason 'the timestamp on the message is earlier than all the data in the transform cache'
[INFO] [1735594928.718731148] [rviz]: Message Filter dropping message: frame 'lidar_1_link' at time 2462.087 for reason 'the timestamp on the message is earlier than all the data in the transform cache'
[INFO] [1735594928.750443325] [rviz]: Message Filter dropping message: frame 'lidar_1_link' at time 2462.117 for reason 'the timestamp on the message is earlier than all the data in the transform cache'
[INFO] [1735594928.782146401] [rviz]: Message Filter dropping message: frame 'lidar_1_link' at time 2462.147 for reason 'the timestamp on the message is earlier than all the data in the transform cache'
[INFO] [1735594928.782282205] [rviz]: Message Filter dropping message: frame 'odom' at time 2462.147 for reason 'the timestamp on the message is earlier than all the data in the transform cache'
[INFO] [1735594928.814336872] [rviz]: Message Filter dropping message: frame 'lidar_1_link' at time 2462.187 for reason 'the timestamp on the message is earlier than all the data in the transform cache'
[INFO] [1735594928.846014543] [rviz]: Message Filter dropping message: frame 'lidar_1_link' at time 2462.217 for reason 'the timestamp on the message is earlier than all the data in the transform cache'
[INFO] [1735594928.878249766] [rviz]: Message Filter dropping message: frame 'lidar_1_link' at time 2462.247 for reason 'the timestamp on the message is earlier than all the data in the transform cache'
[INFO] [1735594928.910897629] [rviz]: Message Filter dropping message: frame 'lidar_1_link' at time 2462.277 for reason 'the timestamp on the message is earlier than all the data in the transform cache'
[INFO] [1735594928.942087370] [rviz]: Message Filter dropping message: frame 'lidar_1_link' at time 2462.307 for reason 'the timestamp on the message is earlier than all the data in the transform cache'
[INFO] [1735594928.974388707] [rviz]: Message Filter dropping message: frame 'lidar_1_link' at time 2462.347 for reason 'the timestamp on the message is earlier than all the data in the transform cache'
[INFO] [1735594928.974473663] [rviz]: Message Filter dropping message: frame 'odom' at time 2462.357 for reason 'the timestamp on the message is earlier than all the data in the transform cache'
[INFO] [1735594929.006866391] [rviz]: Message Filter dropping message: frame 'lidar_1_link' at time 2462.377 for reason 'the timestamp on the message is earlier than all the data in the transform cache'
[INFO] [1735594929.038793207] [rviz]: Message Filter dropping message: frame 'lidar_1_link' at time 2462.407 for reason 'the timestamp on the message is earlier than all the data in the transform cache'
[INFO] [1735594929.070007986] [rviz]: Message Filter dropping message: frame 'lidar_1_link' at time 2462.437 for reason 'the timestamp on the message is earlier than all the data in the transform cache'
[INFO] [1735594929.102667077] [rviz]: Message Filter dropping message: frame 'lidar_1_link' at time 2462.467 for reason 'the timestamp on the message is earlier than all the data in the transform cache'
[INFO] [1735594929.134745645] [rviz]: Message Filter dropping message: frame 'lidar_1_link' at time 2462.497 for reason 'the timestamp on the message is earlier than all the data in the transform cache'
[INFO] [1735594929.166137422] [rviz]: Message Filter dropping message: frame 'lidar_1_link' at time 2462.527 for reason 'the timestamp on the message is earlier than all the data in the transform cache'
[INFO] [1735594929.198142794] [rviz]: Message Filter dropping message: frame 'lidar_1_link' at time 2462.567 for reason 'the timestamp on the message is earlier than all the data in the transform cache'
[INFO] [1735594929.198224199] [rviz]: Message Filter dropping message: frame 'odom' at time 2462.567 for reason 'the timestamp on the message is earlier than all the data in the transform cache'
[INFO] [1735594929.230638780] [rviz]: Message Filter dropping message: frame 'lidar_1_link' at time 2462.597 for reason 'the timestamp on the message is earlier than all the data in the transform cache'
[INFO] [1735594929.262579202] [rviz]: Message Filter dropping message: frame 'lidar_1_link' at time 2462.627 for reason 'the timestamp on the message is earlier than all the data in the transform cache'
[INFO] [1735594929.294593527] [rviz]: Message Filter dropping message: frame 'lidar_1_link' at time 2462.657 for reason 'the timestamp on the message is earlier than all the data in the transform cache'
[INFO] [1735594929.326889633] [rviz]: Message Filter dropping message: frame 'lidar_1_link' at time 2462.697 for reason 'the timestamp on the message is earlier than all the data in the transform cache'
[INFO] [1735594929.358621819] [rviz]: Message Filter dropping message: frame 'lidar_1_link' at time 2462.727 for reason 'the timestamp on the message is earlier than all the data in the transform cache'
[INFO] [1735594929.390425103] [rviz]: Message Filter dropping message: frame 'lidar_1_link' at time 2462.757 for reason 'the timestamp on the message is earlier than all the data in the transform cache'
[INFO] [1735594929.390611982] [rviz]: Message Filter dropping message: frame 'odom' at time 2462.777 for reason 'the timestamp on the message is earlier than all the data in the transform cache'
[INFO] [1735594929.422818835] [rviz]: Message Filter dropping message: frame 'lidar_1_link' at time 2462.777 for reason 'the timestamp on the message is earlier than all the data in the transform cache'
[INFO] [1735594929.454866549] [rviz]: Message Filter dropping message: frame 'lidar_1_link' at time 2462.827 for reason 'the timestamp on the message is earlier than all the data in the transform cache'
[INFO] [1735594929.486390025] [rviz]: Message Filter dropping message: frame 'lidar_1_link' at time 2462.857 for reason 'the timestamp on the message is earlier than all the data in the transform cache'
[INFO] [1735594929.517949413] [rviz]: Message Filter dropping message: frame 'lidar_1_link' at time 2462.887 for reason 'the timestamp on the message is earlier than all the data in the transform cache'
[INFO] [1735594929.550887720] [rviz]: Message Filter dropping message: frame 'lidar_1_link' at time 2462.917 for reason 'the timestamp on the message is earlier than all the data in the transform cache'
[INFO] [1735594929.582661281] [rviz]: Message Filter dropping message: frame 'lidar_1_link' at time 2462.957 for reason 'the timestamp on the message is earlier than all the data in the transform cache'
[INFO] [1735594929.582740833] [rviz]: Message Filter dropping message: frame 'odom' at time 2462.887 for reason 'the timestamp on the message is earlier than all the data in the transform cache'
[INFO] [1735594929.614497217] [rviz]: Message Filter dropping message: frame 'lidar_1_link' at time 2462.987 for reason 'the timestamp on the message is earlier than all the data in the transform cache'
[INFO] [1735594929.646175695] [rviz]: Message Filter dropping message: frame 'lidar_1_link' at time 2463.017 for reason 'the timestamp on the message is earlier than all the data in the transform cache'
[INFO] [1735594929.678900829] [rviz]: Message Filter dropping message: frame 'lidar_1_link' at time 2463.047 for reason 'the timestamp on the message is earlier than all the data in the transform cache'
[INFO] [1735594929.710416924] [rviz]: Message Filter dropping message: frame 'lidar_1_link' at time 2463.087 for reason 'the timestamp on the message is earlier than all the data in the transform cache'
[INFO] [1735594929.742293525] [rviz]: Message Filter dropping message: frame 'lidar_1_link' at time 2463.117 for reason 'the timestamp on the message is earlier than all the data in the transform cache'
[INFO] [1735594929.774156686] [rviz]: Message Filter dropping message: frame 'lidar_1_link' at time 2463.147 for reason 'the timestamp on the message is earlier than all the data in the transform cache'
[INFO] [1735594929.774241680] [rviz]: Message Filter dropping message: frame 'odom' at time 2463.107 for reason 'the timestamp on the message is earlier than all the data in the transform cache'
[INFO] [1735594929.806780821] [rviz]: Message Filter dropping message: frame 'lidar_1_link' at time 2463.177 for reason 'the timestamp on the message is earlier than all the data in the transform cache'
[INFO] [1735594929.838359450] [rviz]: Message Filter dropping message: frame 'lidar_1_link' at time 2463.207 for reason 'the timestamp on the message is earlier than all the data in the transform cache'
[INFO] [1735594929.870948175] [rviz]: Message Filter dropping message: frame 'lidar_1_link' at time 2463.237 for reason 'the timestamp on the message is earlier than all the data in the transform cache'
[INFO] [1735594929.905150353] [rviz]: Message Filter dropping message: frame 'lidar_1_link' at time 2463.267 for reason 'the timestamp on the message is earlier than all the data in the transform cache'
[INFO] [1735594929.933928356] [rviz]: Message Filter dropping message: frame 'lidar_1_link' at time 2463.297 for reason 'the timestamp on the message is earlier than all the data in the transform cache'
[INFO] [1735594929.966701800] [rviz]: Message Filter dropping message: frame 'lidar_1_link' at time 2463.337 for reason 'the timestamp on the message is earlier than all the data in the transform cache'
[INFO] [1735594929.998205275] [rviz]: Message Filter dropping message: frame 'lidar_1_link' at time 2463.367 for reason 'the timestamp on the message is earlier than all the data in the transform cache'
[INFO] [1735594930.030768476] [rviz]: Message Filter dropping message: frame 'lidar_1_link' at time 2463.397 for reason 'the timestamp on the message is earlier than all the data in the transform cache'
[INFO] [1735594930.062494616] [rviz]: Message Filter dropping message: frame 'lidar_1_link' at time 2463.437 for reason 'the timestamp on the message is earlier than all the data in the transform cache'
[INFO] [1735594930.094091531] [rviz]: Message Filter dropping message: frame 'lidar_1_link' at time 2463.467 for reason 'the timestamp on the message is earlier than all the data in the transform cache'
[INFO] [1735594930.126191604] [rviz]: Message Filter dropping message: frame 'lidar_1_link' at time 2463.497 for reason 'the timestamp on the message is earlier than all the data in the transform cache'
[INFO] [1735594930.158164998] [rviz]: Message Filter dropping message: frame 'lidar_1_link' at time 2463.527 for reason 'the timestamp on the message is earlier than all the data in the transform cache'
[INFO] [1735594930.190409660] [rviz]: Message Filter dropping message: frame 'lidar_1_link' at time 2463.557 for reason 'the timestamp on the message is earlier than all the data in the transform cache'
[INFO] [1735594930.222067413] [rviz]: Message Filter dropping message: frame 'lidar_1_link' at time 2463.587 for reason 'the timestamp on the message is earlier than all the data in the transform cache'
[INFO] [1735594930.253901282] [rviz]: Message Filter dropping message: frame 'lidar_1_link' at time 2463.617 for reason 'the timestamp on the message is earlier than all the data in the transform cache'
[INFO] [1735594930.286641496] [rviz]: Message Filter dropping message: frame 'lidar_1_link' at time 2463.647 for reason 'the timestamp on the message is earlier than all the data in the transform cache'
[INFO] [1735594930.318069354] [rviz]: Message Filter dropping message: frame 'lidar_1_link' at time 2463.687 for reason 'the timestamp on the message is earlier than all the data in the transform cache'
[INFO] [1735594930.350734061] [rviz]: Message Filter dropping message: frame 'lidar_1_link' at time 2463.717 for reason 'the timestamp on the message is earlier than all the data in the transform cache'
[INFO] [1735594930.382453710] [rviz]: Message Filter dropping message: frame 'lidar_1_link' at time 2463.747 for reason 'the timestamp on the message is earlier than all the data in the transform cache'
[INFO] [1735594930.414230552] [rviz]: Message Filter dropping message: frame 'lidar_1_link' at time 2463.777 for reason 'the timestamp on the message is earlier than all the data in the transform cache'
[INFO] [1735594930.446394902] [rviz]: Message Filter dropping message: frame 'lidar_1_link' at time 2463.807 for reason 'the timestamp on the message is earlier than all the data in the transform cache'
[INFO] [1735594930.478709875] [rviz]: Message Filter dropping message: frame 'lidar_1_link' at time 2463.837 for reason 'the timestamp on the message is earlier than all the data in the transform cache'
[INFO] [1735594930.510760650] [rviz]: Message Filter dropping message: frame 'lidar_1_link' at time 2463.867 for reason 'the timestamp on the message is earlier than all the data in the transform cache'
[INFO] [1735594930.542282484] [rviz]: Message Filter dropping message: frame 'lidar_1_link' at time 2463.907 for reason 'the timestamp on the message is earlier than all the data in the transform cache'
[INFO] [1735594930.573937519] [rviz]: Message Filter dropping message: frame 'lidar_1_link' at time 2463.937 for reason 'the timestamp on the message is earlier than all the data in the transform cache'
[INFO] [1735594930.605983980] [rviz]: Message Filter dropping message: frame 'lidar_1_link' at time 2463.967 for reason 'the timestamp on the message is earlier than all the data in the transform cache'
[INFO] [1735594930.638686160] [rviz]: Message Filter dropping message: frame 'lidar_1_link' at time 2463.997 for reason 'the timestamp on the message is earlier than all the data in the transform cache'
[INFO] [1735594930.670130657] [rviz]: Message Filter dropping message: frame 'lidar_1_link' at time 2464.037 for reason 'the timestamp on the message is earlier than all the data in the transform cache'
[INFO] [1735594930.702528322] [rviz]: Message Filter dropping message: frame 'lidar_1_link' at time 2464.067 for reason 'the timestamp on the message is earlier than all the data in the transform cache'
[INFO] [1735594930.734897866] [rviz]: Message Filter dropping message: frame 'lidar_1_link' at time 2464.097 for reason 'the timestamp on the message is earlier than all the data in the transform cache'
[INFO] [1735594930.766058827] [rviz]: Message Filter dropping message: frame 'lidar_1_link' at time 2464.127 for reason 'the timestamp on the message is earlier than all the data in the transform cache'
[INFO] [1735594930.798098548] [rviz]: Message Filter dropping message: frame 'lidar_1_link' at time 2464.167 for reason 'the timestamp on the message is earlier than all the data in the transform cache'
[INFO] [1735594930.830115404] [rviz]: Message Filter dropping message: frame 'lidar_1_link' at time 2464.197 for reason 'the timestamp on the message is earlier than all the data in the transform cache'
[INFO] [1735594930.862809386] [rviz]: Message Filter dropping message: frame 'lidar_1_link' at time 2464.227 for reason 'the timestamp on the message is earlier than all the data in the transform cache'
[INFO] [1735594930.894872092] [rviz]: Message Filter dropping message: frame 'lidar_1_link' at time 2464.257 for reason 'the timestamp on the message is earlier than all the data in the transform cache'
[INFO] [1735594930.926559091] [rviz]: Message Filter dropping message: frame 'lidar_1_link' at time 2464.297 for reason 'the timestamp on the message is earlier than all the data in the transform cache'
[INFO] [1735594930.957973021] [rviz]: Message Filter dropping message: frame 'lidar_1_link' at time 2464.327 for reason 'the timestamp on the message is earlier than all the data in the transform cache'
[INFO] [1735594930.990506110] [rviz]: Message Filter dropping message: frame 'lidar_1_link' at time 2464.357 for reason 'the timestamp on the message is earlier than all the data in the transform cache'
[INFO] [1735594931.022289824] [rviz]: Message Filter dropping message: frame 'lidar_1_link' at time 2464.387 for reason 'the timestamp on the message is earlier than all the data in the transform cache'
[INFO] [1735594931.054391494] [rviz]: Message Filter dropping message: frame 'lidar_1_link' at time 2464.417 for reason 'the timestamp on the message is earlier than all the data in the transform cache'
[INFO] [1735594931.086785393] [rviz]: Message Filter dropping message: frame 'lidar_1_link' at time 2464.457 for reason 'the timestamp on the message is earlier than all the data in the transform cache'
[INFO] [1735594931.118398746] [rviz]: Message Filter dropping message: frame 'lidar_1_link' at time 2464.487 for reason 'the timestamp on the message is earlier than all the data in the transform cache'
[INFO] [1735594931.150889180] [rviz]: Message Filter dropping message: frame 'lidar_1_link' at time 2464.517 for reason 'the timestamp on the message is earlier than all the data in the transform cache'
[INFO] [1735594931.182873693] [rviz]: Message Filter dropping message: frame 'lidar_1_link' at time 2464.547 for reason 'the timestamp on the message is earlier than all the data in the transform cache'
[INFO] [1735594931.214806412] [rviz]: Message Filter dropping message: frame 'lidar_1_link' at time 2464.577 for reason 'the timestamp on the message is earlier than all the data in the transform cache'
[INFO] [1735594931.246522501] [rviz]: Message Filter dropping message: frame 'lidar_1_link' at time 2464.607 for reason 'the timestamp on the message is earlier than all the data in the transform cache'
[INFO] [1735594931.278805407] [rviz]: Message Filter dropping message: frame 'lidar_1_link' at time 2464.637 for reason 'the timestamp on the message is earlier than all the data in the transform cache'
[INFO] [1735594931.310837798] [rviz]: Message Filter dropping message: frame 'lidar_1_link' at time 2464.677 for reason 'the timestamp on the message is earlier than all the data in the transform cache'
[INFO] [1735594931.342269830] [rviz]: Message Filter dropping message: frame 'lidar_1_link' at time 2464.707 for reason 'the timestamp on the message is earlier than all the data in the transform cache'
[INFO] [1735594931.374779491] [rviz]: Message Filter dropping message: frame 'lidar_1_link' at time 2464.737 for reason 'the timestamp on the message is earlier than all the data in the transform cache'
[INFO] [1735594931.406243183] [rviz]: Message Filter dropping message: frame 'lidar_1_link' at time 2464.767 for reason 'the timestamp on the message is earlier than all the data in the transform cache'
[INFO] [1735594931.437925994] [rviz]: Message Filter dropping message: frame 'lidar_1_link' at time 2464.797 for reason 'the timestamp on the message is earlier than all the data in the transform cache'
[INFO] [1735594931.469989168] [rviz]: Message Filter dropping message: frame 'lidar_1_link' at time 2464.827 for reason 'the timestamp on the message is earlier than all the data in the transform cache'
[INFO] [1735594931.502902978] [rviz]: Message Filter dropping message: frame 'lidar_1_link' at time 2464.867 for reason 'the timestamp on the message is earlier than all the data in the transform cache'
[INFO] [1735594931.534234957] [rviz]: Message Filter dropping message: frame 'lidar_1_link' at time 2464.897 for reason 'the timestamp on the message is earlier than all the data in the transform cache'
[INFO] [1735594931.565995417] [rviz]: Message Filter dropping message: frame 'lidar_1_link' at time 2464.927 for reason 'the timestamp on the message is earlier than all the data in the transform cache'
[INFO] [1735594931.598130581] [rviz]: Message Filter dropping message: frame 'lidar_1_link' at time 2464.957 for reason 'the timestamp on the message is earlier than all the data in the transform cache'
[INFO] [1735594931.630699441] [rviz]: Message Filter dropping message: frame 'lidar_1_link' at time 2464.987 for reason 'the timestamp on the message is earlier than all the data in the transform cache'
[INFO] [1735594931.662203879] [rviz]: Message Filter dropping message: frame 'lidar_1_link' at time 2465.017 for reason 'the timestamp on the message is earlier than all the data in the transform cache'
[INFO] [1735594931.694825314] [rviz]: Message Filter dropping message: frame 'lidar_1_link' at time 2465.057 for reason 'the timestamp on the message is earlier than all the data in the transform cache'
[INFO] [1735594931.727275641] [rviz]: Message Filter dropping message: frame 'lidar_1_link' at time 2465.087 for reason 'the timestamp on the message is earlier than all the data in the transform cache'
[INFO] [1735594931.758474481] [rviz]: Message Filter dropping message: frame 'lidar_1_link' at time 2465.117 for reason 'the timestamp on the message is earlier than all the data in the transform cache'
[INFO] [1735594931.790513377] [rviz]: Message Filter dropping message: frame 'lidar_1_link' at time 2465.147 for reason 'the timestamp on the message is earlier than all the data in the transform cache'
[INFO] [1735594931.822709974] [rviz]: Message Filter dropping message: frame 'lidar_1_link' at time 2465.187 for reason 'the timestamp on the message is earlier than all the data in the transform cache'
[INFO] [1735594931.854306776] [rviz]: Message Filter dropping message: frame 'lidar_1_link' at time 2465.217 for reason 'the timestamp on the message is earlier than all the data in the transform cache'
[INFO] [1735594931.886690334] [rviz]: Message Filter dropping message: frame 'lidar_1_link' at time 2465.247 for reason 'the timestamp on the message is earlier than all the data in the transform cache'
[INFO] [1735594931.918583928] [rviz]: Message Filter dropping message: frame 'lidar_1_link' at time 2465.277 for reason 'the timestamp on the message is earlier than all the data in the transform cache'
[INFO] [1735594931.950137637] [rviz]: Message Filter dropping message: frame 'lidar_1_link' at time 2465.307 for reason 'the timestamp on the message is earlier than all the data in the transform cache'
[INFO] [1735594931.982143249] [rviz]: Message Filter dropping message: frame 'lidar_1_link' at time 2465.337 for reason 'the timestamp on the message is earlier than all the data in the transform cache'
[INFO] [1735594932.014149967] [rviz]: Message Filter dropping message: frame 'lidar_1_link' at time 2465.367 for reason 'the timestamp on the message is earlier than all the data in the transform cache'
[INFO] [1735594932.046573254] [rviz]: Message Filter dropping message: frame 'lidar_1_link' at time 2465.397 for reason 'the timestamp on the message is earlier than all the data in the transform cache'
[INFO] [1735594932.078517200] [rviz]: Message Filter dropping message: frame 'lidar_1_link' at time 2465.427 for reason 'the timestamp on the message is earlier than all the data in the transform cache'
[INFO] [1735594932.109947538] [rviz]: Message Filter dropping message: frame 'lidar_1_link' at time 2465.457 for reason 'the timestamp on the message is earlier than all the data in the transform cache'
[INFO] [1735594932.142680084] [rviz]: Message Filter dropping message: frame 'lidar_1_link' at time 2465.487 for reason 'the timestamp on the message is earlier than all the data in the transform cache'
[INFO] [1735594932.174860207] [rviz]: Message Filter dropping message: frame 'lidar_1_link' at time 2465.527 for reason 'the timestamp on the message is earlier than all the data in the transform cache'
[INFO] [1735594932.206019130] [rviz]: Message Filter dropping message: frame 'lidar_1_link' at time 2465.557 for reason 'the timestamp on the message is earlier than all the data in the transform cache'
[INFO] [1735594932.237969550] [rviz]: Message Filter dropping message: frame 'lidar_1_link' at time 2465.587 for reason 'the timestamp on the message is earlier than all the data in the transform cache'
[INFO] [1735594932.270222999] [rviz]: Message Filter dropping message: frame 'lidar_1_link' at time 2465.617 for reason 'the timestamp on the message is earlier than all the data in the transform cache'
[INFO] [1735594932.302038288] [rviz]: Message Filter dropping message: frame 'lidar_1_link' at time 2465.657 for reason 'the timestamp on the message is earlier than all the data in the transform cache'
[INFO] [1735594932.334823187] [rviz]: Message Filter dropping message: frame 'lidar_1_link' at time 2465.687 for reason 'the timestamp on the message is earlier than all the data in the transform cache'
[INFO] [1735594932.366817942] [rviz]: Message Filter dropping message: frame 'lidar_1_link' at time 2465.717 for reason 'the timestamp on the message is earlier than all the data in the transform cache'
[INFO] [1735594932.398424397] [rviz]: Message Filter dropping message: frame 'lidar_1_link' at time 2465.757 for reason 'the timestamp on the message is earlier than all the data in the transform cache'
[INFO] [1735594932.430795723] [rviz]: Message Filter dropping message: frame 'lidar_1_link' at time 2465.787 for reason 'the timestamp on the message is earlier than all the data in the transform cache'
[INFO] [1735594932.462260599] [rviz]: Message Filter dropping message: frame 'lidar_1_link' at time 2465.817 for reason 'the timestamp on the message is earlier than all the data in the transform cache'
[INFO] [1735594932.494830513] [rviz]: Message Filter dropping message: frame 'lidar_1_link' at time 2465.847 for reason 'the timestamp on the message is earlier than all the data in the transform cache'
[INFO] [1735594932.526643587] [rviz]: Message Filter dropping message: frame 'lidar_1_link' at time 2465.887 for reason 'the timestamp on the message is earlier than all the data in the transform cache'
[INFO] [1735594932.558003059] [rviz]: Message Filter dropping message: frame 'lidar_1_link' at time 2465.917 for reason 'the timestamp on the message is earlier than all the data in the transform cache'
[INFO] [1735594932.590883259] [rviz]: Message Filter dropping message: frame 'lidar_1_link' at time 2465.947 for reason 'the timestamp on the message is earlier than all the data in the transform cache'
[INFO] [1735594932.622657470] [rviz]: Message Filter dropping message: frame 'lidar_1_link' at time 2465.977 for reason 'the timestamp on the message is earlier than all the data in the transform cache'
[INFO] [1735594932.654809733] [rviz]: Message Filter dropping message: frame 'lidar_1_link' at time 2466.017 for reason 'the timestamp on the message is earlier than all the data in the transform cache'
[INFO] [1735594932.686977578] [rviz]: Message Filter dropping message: frame 'lidar_1_link' at time 2466.047 for reason 'the timestamp on the message is earlier than all the data in the transform cache'
[INFO] [1735594932.718189423] [rviz]: Message Filter dropping message: frame 'lidar_1_link' at time 2466.077 for reason 'the timestamp on the message is earlier than all the data in the transform cache'
[INFO] [1735594932.750020643] [rviz]: Message Filter dropping message: frame 'lidar_1_link' at time 2466.107 for reason 'the timestamp on the message is earlier than all the data in the transform cache'
[INFO] [1735594932.782855809] [rviz]: Message Filter dropping message: frame 'lidar_1_link' at time 2466.137 for reason 'the timestamp on the message is earlier than all the data in the transform cache'
[INFO] [1735594932.814296057] [rviz]: Message Filter dropping message: frame 'lidar_1_link' at time 2466.177 for reason 'the timestamp on the message is earlier than all the data in the transform cache'
[INFO] [1735594932.845960470] [rviz]: Message Filter dropping message: frame 'lidar_1_link' at time 2466.207 for reason 'the timestamp on the message is earlier than all the data in the transform cache'
[INFO] [1735594932.878140833] [rviz]: Message Filter dropping message: frame 'lidar_1_link' at time 2466.237 for reason 'the timestamp on the message is earlier than all the data in the transform cache'
[INFO] [1735594932.910118145] [rviz]: Message Filter dropping message: frame 'lidar_1_link' at time 2466.277 for reason 'the timestamp on the message is earlier than all the data in the transform cache'
[INFO] [1735594932.941995341] [rviz]: Message Filter dropping message: frame 'lidar_1_link' at time 2466.307 for reason 'the timestamp on the message is earlier than all the data in the transform cache'
[INFO] [1735594932.974661350] [rviz]: Message Filter dropping message: frame 'lidar_1_link' at time 2466.337 for reason 'the timestamp on the message is earlier than all the data in the transform cache'
[INFO] [1735594933.006234490] [rviz]: Message Filter dropping message: frame 'lidar_1_link' at time 2466.367 for reason 'the timestamp on the message is earlier than all the data in the transform cache'
[INFO] [1735594933.038681916] [rviz]: Message Filter dropping message: frame 'lidar_1_link' at time 2466.397 for reason 'the timestamp on the message is earlier than all the data in the transform cache'
[INFO] [1735594933.070615310] [rviz]: Message Filter dropping message: frame 'lidar_1_link' at time 2466.427 for reason 'the timestamp on the message is earlier than all the data in the transform cache'
[INFO] [1735594933.102399081] [rviz]: Message Filter dropping message: frame 'lidar_1_link' at time 2466.457 for reason 'the timestamp on the message is earlier than all the data in the transform cache'
[INFO] [1735594933.134603510] [rviz]: Message Filter dropping message: frame 'lidar_1_link' at time 2466.497 for reason 'the timestamp on the message is earlier than all the data in the transform cache'
[INFO] [1735594933.166262945] [rviz]: Message Filter dropping message: frame 'lidar_1_link' at time 2466.527 for reason 'the timestamp on the message is earlier than all the data in the transform cache'
[INFO] [1735594933.198483440] [rviz]: Message Filter dropping message: frame 'lidar_1_link' at time 2466.557 for reason 'the timestamp on the message is earlier than all the data in the transform cache'
[INFO] [1735594933.230580096] [rviz]: Message Filter dropping message: frame 'lidar_1_link' at time 2466.587 for reason 'the timestamp on the message is earlier than all the data in the transform cache'
[INFO] [1735594933.262774493] [rviz]: Message Filter dropping message: frame 'lidar_1_link' at time 2466.617 for reason 'the timestamp on the message is earlier than all the data in the transform cache'
[INFO] [1735594933.294521980] [rviz]: Message Filter dropping message: frame 'lidar_1_link' at time 2466.657 for reason 'the timestamp on the message is earlier than all the data in the transform cache'
[INFO] [1735594933.326253367] [rviz]: Message Filter dropping message: frame 'lidar_1_link' at time 2466.687 for reason 'the timestamp on the message is earlier than all the data in the transform cache'
[INFO] [1735594933.358112056] [rviz]: Message Filter dropping message: frame 'lidar_1_link' at time 2466.717 for reason 'the timestamp on the message is earlier than all the data in the transform cache'
[INFO] [1735594933.390885850] [rviz]: Message Filter dropping message: frame 'lidar_1_link' at time 2466.757 for reason 'the timestamp on the message is earlier than all the data in the transform cache'
[INFO] [1735594933.422801238] [rviz]: Message Filter dropping message: frame 'lidar_1_link' at time 2466.787 for reason 'the timestamp on the message is earlier than all the data in the transform cache'
[INFO] [1735594933.453986493] [rviz]: Message Filter dropping message: frame 'lidar_1_link' at time 2466.817 for reason 'the timestamp on the message is earlier than all the data in the transform cache'
[INFO] [1735594933.486473699] [rviz]: Message Filter dropping message: frame 'lidar_1_link' at time 2466.847 for reason 'the timestamp on the message is earlier than all the data in the transform cache'
[INFO] [1735594933.518668563] [rviz]: Message Filter dropping message: frame 'lidar_1_link' at time 2466.887 for reason 'the timestamp on the message is earlier than all the data in the transform cache'
[INFO] [1735594933.550039953] [rviz]: Message Filter dropping message: frame 'lidar_1_link' at time 2466.917 for reason 'the timestamp on the message is earlier than all the data in the transform cache'
[INFO] [1735594933.582457754] [rviz]: Message Filter dropping message: frame 'lidar_1_link' at time 2466.947 for reason 'the timestamp on the message is earlier than all the data in the transform cache'
[INFO] [1735594933.614554938] [rviz]: Message Filter dropping message: frame 'lidar_1_link' at time 2466.977 for reason 'the timestamp on the message is earlier than all the data in the transform cache'
[INFO] [1735594933.645992626] [rviz]: Message Filter dropping message: frame 'lidar_1_link' at time 2467.007 for reason 'the timestamp on the message is earlier than all the data in the transform cache'
[INFO] [1735594933.678756983] [rviz]: Message Filter dropping message: frame 'lidar_1_link' at time 2467.037 for reason 'the timestamp on the message is earlier than all the data in the transform cache'
[INFO] [1735594933.710657629] [rviz]: Message Filter dropping message: frame 'lidar_1_link' at time 2467.067 for reason 'the timestamp on the message is earlier than all the data in the transform cache'
[INFO] [1735594933.742202220] [rviz]: Message Filter dropping message: frame 'lidar_1_link' at time 2467.097 for reason 'the timestamp on the message is earlier than all the data in the transform cache'
[INFO] [1735594933.774844566] [rviz]: Message Filter dropping message: frame 'lidar_1_link' at time 2467.127 for reason 'the timestamp on the message is earlier than all the data in the transform cache'
[INFO] [1735594933.806274253] [rviz]: Message Filter dropping message: frame 'lidar_1_link' at time 2467.167 for reason 'the timestamp on the message is earlier than all the data in the transform cache'
[INFO] [1735594933.838844302] [rviz]: Message Filter dropping message: frame 'lidar_1_link' at time 2467.197 for reason 'the timestamp on the message is earlier than all the data in the transform cache'
[INFO] [1735594933.870332122] [rviz]: Message Filter dropping message: frame 'lidar_1_link' at time 2467.227 for reason 'the timestamp on the message is earlier than all the data in the transform cache'
[INFO] [1735594933.902497228] [rviz]: Message Filter dropping message: frame 'lidar_1_link' at time 2467.257 for reason 'the timestamp on the message is earlier than all the data in the transform cache'
[INFO] [1735594933.933989878] [rviz]: Message Filter dropping message: frame 'lidar_1_link' at time 2467.297 for reason 'the timestamp on the message is earlier than all the data in the transform cache'
[INFO] [1735594933.966621720] [rviz]: Message Filter dropping message: frame 'lidar_1_link' at time 2467.327 for reason 'the timestamp on the message is earlier than all the data in the transform cache'
[INFO] [1735594933.998850963] [rviz]: Message Filter dropping message: frame 'lidar_1_link' at time 2467.357 for reason 'the timestamp on the message is earlier than all the data in the transform cache'
[INFO] [1735594934.030748804] [rviz]: Message Filter dropping message: frame 'lidar_1_link' at time 2467.387 for reason 'the timestamp on the message is earlier than all the data in the transform cache'
[INFO] [1735594934.062179332] [rviz]: Message Filter dropping message: frame 'lidar_1_link' at time 2467.427 for reason 'the timestamp on the message is earlier than all the data in the transform cache'
[INFO] [1735594934.094020305] [rviz]: Message Filter dropping message: frame 'lidar_1_link' at time 2467.457 for reason 'the timestamp on the message is earlier than all the data in the transform cache'
[INFO] [1735594934.126502733] [rviz]: Message Filter dropping message: frame 'lidar_1_link' at time 2467.487 for reason 'the timestamp on the message is earlier than all the data in the transform cache'
[INFO] [1735594934.158589101] [rviz]: Message Filter dropping message: frame 'lidar_1_link' at time 2467.517 for reason 'the timestamp on the message is earlier than all the data in the transform cache'
[INFO] [1735594934.190363367] [rviz]: Message Filter dropping message: frame 'lidar_1_link' at time 2467.547 for reason 'the timestamp on the message is earlier than all the data in the transform cache'
[INFO] [1735594934.222431731] [rviz]: Message Filter dropping message: frame 'lidar_1_link' at time 2467.587 for reason 'the timestamp on the message is earlier than all the data in the transform cache'
[INFO] [1735594934.254171265] [rviz]: Message Filter dropping message: frame 'lidar_1_link' at time 2467.617 for reason 'the timestamp on the message is earlier than all the data in the transform cache'
[INFO] [1735594934.286278286] [rviz]: Message Filter dropping message: frame 'lidar_1_link' at time 2467.647 for reason 'the timestamp on the message is earlier than all the data in the transform cache'
[INFO] [1735594934.318408315] [rviz]: Message Filter dropping message: frame 'lidar_1_link' at time 2467.677 for reason 'the timestamp on the message is earlier than all the data in the transform cache'
[INFO] [1735594934.350818982] [rviz]: Message Filter dropping message: frame 'lidar_1_link' at time 2467.707 for reason 'the timestamp on the message is earlier than all the data in the transform cache'
[INFO] [1735594934.382190212] [rviz]: Message Filter dropping message: frame 'lidar_1_link' at time 2467.737 for reason 'the timestamp on the message is earlier than all the data in the transform cache'
[INFO] [1735594934.414325712] [rviz]: Message Filter dropping message: frame 'lidar_1_link' at time 2467.777 for reason 'the timestamp on the message is earlier than all the data in the transform cache'
[INFO] [1735594934.446112233] [rviz]: Message Filter dropping message: frame 'lidar_1_link' at time 2467.807 for reason 'the timestamp on the message is earlier than all the data in the transform cache'
[INFO] [1735594934.477954561] [rviz]: Message Filter dropping message: frame 'lidar_1_link' at time 2467.837 for reason 'the timestamp on the message is earlier than all the data in the transform cache'
[INFO] [1735594934.510119361] [rviz]: Message Filter dropping message: frame 'lidar_1_link' at time 2467.867 for reason 'the timestamp on the message is earlier than all the data in the transform cache'
[INFO] [1735594934.542037827] [rviz]: Message Filter dropping message: frame 'lidar_1_link' at time 2467.897 for reason 'the timestamp on the message is earlier than all the data in the transform cache'
[INFO] [1735594934.574168293] [rviz]: Message Filter dropping message: frame 'lidar_1_link' at time 2467.927 for reason 'the timestamp on the message is earlier than all the data in the transform cache'
[INFO] [1735594934.606507344] [rviz]: Message Filter dropping message: frame 'lidar_1_link' at time 2467.957 for reason 'the timestamp on the message is earlier than all the data in the transform cache'
[INFO] [1735594934.638780365] [rviz]: Message Filter dropping message: frame 'lidar_1_link' at time 2467.997 for reason 'the timestamp on the message is earlier than all the data in the transform cache'
[INFO] [1735594934.670815755] [rviz]: Message Filter dropping message: frame 'lidar_1_link' at time 2468.027 for reason 'the timestamp on the message is earlier than all the data in the transform cache'
[INFO] [1735594934.702393195] [rviz]: Message Filter dropping message: frame 'lidar_1_link' at time 2468.057 for reason 'the timestamp on the message is earlier than all the data in the transform cache'
[INFO] [1735594934.734752414] [rviz]: Message Filter dropping message: frame 'lidar_1_link' at time 2468.097 for reason 'the timestamp on the message is earlier than all the data in the transform cache'
[INFO] [1735594934.766547086] [rviz]: Message Filter dropping message: frame 'lidar_1_link' at time 2468.127 for reason 'the timestamp on the message is earlier than all the data in the transform cache'
[INFO] [1735594934.798017766] [rviz]: Message Filter dropping message: frame 'lidar_1_link' at time 2468.157 for reason 'the timestamp on the message is earlier than all the data in the transform cache'
[INFO] [1735594934.830303011] [rviz]: Message Filter dropping message: frame 'lidar_1_link' at time 2468.187 for reason 'the timestamp on the message is earlier than all the data in the transform cache'
[INFO] [1735594934.862113231] [rviz]: Message Filter dropping message: frame 'lidar_1_link' at time 2468.217 for reason 'the timestamp on the message is earlier than all the data in the transform cache'
[INFO] [1735594934.893982121] [rviz]: Message Filter dropping message: frame 'lidar_1_link' at time 2468.247 for reason 'the timestamp on the message is earlier than all the data in the transform cache'
[INFO] [1735594934.926448670] [rviz]: Message Filter dropping message: frame 'lidar_1_link' at time 2468.277 for reason 'the timestamp on the message is earlier than all the data in the transform cache'
[INFO] [1735594934.959190787] [rviz]: Message Filter dropping message: frame 'lidar_1_link' at time 2468.317 for reason 'the timestamp on the message is earlier than all the data in the transform cache'
[INFO] [1735594934.990356395] [rviz]: Message Filter dropping message: frame 'lidar_1_link' at time 2468.347 for reason 'the timestamp on the message is earlier than all the data in the transform cache'
[INFO] [1735594935.022408899] [rviz]: Message Filter dropping message: frame 'lidar_1_link' at time 2468.377 for reason 'the timestamp on the message is earlier than all the data in the transform cache'
[INFO] [1735594935.053946166] [rviz]: Message Filter dropping message: frame 'lidar_1_link' at time 2468.407 for reason 'the timestamp on the message is earlier than all the data in the transform cache'
[INFO] [1735594935.086789041] [rviz]: Message Filter dropping message: frame 'lidar_1_link' at time 2468.437 for reason 'the timestamp on the message is earlier than all the data in the transform cache'
[INFO] [1735594935.117901395] [rviz]: Message Filter dropping message: frame 'lidar_1_link' at time 2468.477 for reason 'the timestamp on the message is earlier than all the data in the transform cache'
[INFO] [1735594935.150501286] [rviz]: Message Filter dropping message: frame 'lidar_1_link' at time 2468.507 for reason 'the timestamp on the message is earlier than all the data in the transform cache'
[INFO] [1735594935.182227395] [rviz]: Message Filter dropping message: frame 'lidar_1_link' at time 2468.537 for reason 'the timestamp on the message is earlier than all the data in the transform cache'
[INFO] [1735594935.214553873] [rviz]: Message Filter dropping message: frame 'lidar_1_link' at time 2468.567 for reason 'the timestamp on the message is earlier than all the data in the transform cache'
[INFO] [1735594935.246409859] [rviz]: Message Filter dropping message: frame 'lidar_1_link' at time 2468.597 for reason 'the timestamp on the message is earlier than all the data in the transform cache'
[INFO] [1735594935.278328833] [rviz]: Message Filter dropping message: frame 'lidar_1_link' at time 2468.637 for reason 'the timestamp on the message is earlier than all the data in the transform cache'
[INFO] [1735594935.310113986] [rviz]: Message Filter dropping message: frame 'lidar_1_link' at time 2468.667 for reason 'the timestamp on the message is earlier than all the data in the transform cache'
[INFO] [1735594935.342966803] [rviz]: Message Filter dropping message: frame 'lidar_1_link' at time 2468.697 for reason 'the timestamp on the message is earlier than all the data in the transform cache'
[INFO] [1735594935.374615896] [rviz]: Message Filter dropping message: frame 'lidar_1_link' at time 2468.727 for reason 'the timestamp on the message is earlier than all the data in the transform cache'
[INFO] [1735594935.406660175] [rviz]: Message Filter dropping message: frame 'lidar_1_link' at time 2468.757 for reason 'the timestamp on the message is earlier than all the data in the transform cache'
[INFO] [1735594935.438359463] [rviz]: Message Filter dropping message: frame 'lidar_1_link' at time 2468.787 for reason 'the timestamp on the message is earlier than all the data in the transform cache'
[INFO] [1735594935.470323355] [rviz]: Message Filter dropping message: frame 'lidar_1_link' at time 2468.827 for reason 'the timestamp on the message is earlier than all the data in the transform cache'
[INFO] [1735594935.502727056] [rviz]: Message Filter dropping message: frame 'lidar_1_link' at time 2468.857 for reason 'the timestamp on the message is earlier than all the data in the transform cache'
[INFO] [1735594935.534259949] [rviz]: Message Filter dropping message: frame 'lidar_1_link' at time 2468.887 for reason 'the timestamp on the message is earlier than all the data in the transform cache'
[INFO] [1735594935.566379628] [rviz]: Message Filter dropping message: frame 'lidar_1_link' at time 2468.917 for reason 'the timestamp on the message is earlier than all the data in the transform cache'
[INFO] [1735594935.598862494] [rviz]: Message Filter dropping message: frame 'lidar_1_link' at time 2468.947 for reason 'the timestamp on the message is earlier than all the data in the transform cache'
[INFO] [1735594935.630438873] [rviz]: Message Filter dropping message: frame 'lidar_1_link' at time 2468.987 for reason 'the timestamp on the message is earlier than all the data in the transform cache'
[INFO] [1735594935.661929245] [rviz]: Message Filter dropping message: frame 'lidar_1_link' at time 2469.017 for reason 'the timestamp on the message is earlier than all the data in the transform cache'
[INFO] [1735594935.694446056] [rviz]: Message Filter dropping message: frame 'lidar_1_link' at time 2469.047 for reason 'the timestamp on the message is earlier than all the data in the transform cache'
[INFO] [1735594935.726235738] [rviz]: Message Filter dropping message: frame 'lidar_1_link' at time 2469.077 for reason 'the timestamp on the message is earlier than all the data in the transform cache'
[INFO] [1735594935.744480453] [rclcpp]: signal_handler(signal_value=2)
