[INFO] [1735319723.045050564] [basic_navigator]: Publishing Initial Pose
[INFO] [1735319727.060710742] [basic_navigator]: Nav2 is ready for use!
[INFO] [1735319727.061559871] [basic_navigator]: Navigating to goal: -3.791 1.254...
[INFO] [1735319762.333969159] [basic_navigator]: Navigating to goal: -0.073 -8.497...
Received request for item picking at shelf_C.
Estimated time of arrival at shelf_C for worker: 58 seconds.
Estimated time of arrival at shelf_C for worker: 32 seconds.
Estimated time of arrival at shelf_C for worker: 30 seconds.
Estimated time of arrival at shelf_C for worker: 31 seconds.
Estimated time of arrival at shelf_C for worker: 29 seconds.
Estimated time of arrival at shelf_C for worker: 29 seconds.
Estimated time of arrival at shelf_C for worker: 29 seconds.
Estimated time of arrival at shelf_C for worker: 28 seconds.
Estimated time of arrival at shelf_C for worker: 29 seconds.
Estimated time of arrival at shelf_C for worker: 27 seconds.
Estimated time of arrival at shelf_C for worker: 27 seconds.
Estimated time of arrival at shelf_C for worker: 26 seconds.
Estimated time of arrival at shelf_C for worker: 26 seconds.
Estimated time of arrival at shelf_C for worker: 25 seconds.
Estimated time of arrival at shelf_C for worker: 24 seconds.
Estimated time of arrival at shelf_C for worker: 24 seconds.
Estimated time of arrival at shelf_C for worker: 25 seconds.
Estimated time of arrival at shelf_C for worker: 23 seconds.
Estimated time of arrival at shelf_C for worker: 22 seconds.
Estimated time of arrival at shelf_C for worker: 22 seconds.
Estimated time of arrival at shelf_C for worker: 21 seconds.
Estimated time of arrival at shelf_C for worker: 21 seconds.
Estimated time of arrival at shelf_C for worker: 21 seconds.
Estimated time of arrival at shelf_C for worker: 20 seconds.
Estimated time of arrival at shelf_C for worker: 19 seconds.
Estimated time of arrival at shelf_C for worker: 20 seconds.
Estimated time of arrival at shelf_C for worker: 21 seconds.
Estimated time of arrival at shelf_C for worker: 24 seconds.
Estimated time of arrival at shelf_C for worker: 47 seconds.
Estimated time of arrival at shelf_C for worker: 47 seconds.
Estimated time of arrival at shelf_C for worker: 61 seconds.
Estimated time of arrival at shelf_C for worker: 56 seconds.
Estimated time of arrival at shelf_C for worker: 25 seconds.
Estimated time of arrival at shelf_C for worker: 27 seconds.
Estimated time of arrival at shelf_C for worker: 16 seconds.
Estimated time of arrival at shelf_C for worker: 16 seconds.
Estimated time of arrival at shelf_C for worker: 15 seconds.
Estimated time of arrival at shelf_C for worker: 15 seconds.
Estimated time of arrival at shelf_C for worker: 16 seconds.
Estimated time of arrival at shelf_C for worker: 13 seconds.
Estimated time of arrival at shelf_C for worker: 13 seconds.
Estimated time of arrival at shelf_C for worker: 13 seconds.
Estimated time of arrival at shelf_C for worker: 12 seconds.
Estimated time of arrival at shelf_C for worker: 12 seconds.
Estimated time of arrival at shelf_C for worker: 11 seconds.
Estimated time of arrival at shelf_C for worker: 11 seconds.
Estimated time of arrival at shelf_C for worker: 10 seconds.
Estimated time of arrival at shelf_C for worker: 10 seconds.
Estimated time of arrival at shelf_C for worker: 10 seconds.
Estimated time of arrival at shelf_C for worker: 9 seconds.
Estimated time of arrival at shelf_C for worker: 9 seconds.
Estimated time of arrival at shelf_C for worker: 8 seconds.
Estimated time of arrival at shelf_C for worker: 7 seconds.
Estimated time of arrival at shelf_C for worker: 7 seconds.
Estimated time of arrival at shelf_C for worker: 6 seconds.
Estimated time of arrival at shelf_C for worker: 6 seconds.
Estimated time of arrival at shelf_C for worker: 5 seconds.
Estimated time of arrival at shelf_C for worker: 5 seconds.
Estimated time of arrival at shelf_C for worker: 4 seconds.
Estimated time of arrival at shelf_C for worker: 4 seconds.
Estimated time of arrival at shelf_C for worker: 3 seconds.
Estimated time of arrival at shelf_C for worker: 3 seconds.
Estimated time of arrival at shelf_C for worker: 2 seconds.
Estimated time of arrival at shelf_C for worker: 2 seconds.
Estimated time of arrival at shelf_C for worker: 2 seconds.
Estimated time of arrival at shelf_C for worker: 2 seconds.
Estimated time of arrival at shelf_C for worker: 0 seconds.
Estimated time of arrival at shelf_C for worker: 0 seconds.
Estimated time of arrival at shelf_C for worker: 0 seconds.
Estimated time of arrival at shelf_C for worker: 0 seconds.
Got product from shelf_C! Bringing product to shipping destination (pallet_jack7)...
